<?xml version="1.0" encoding="UTF-8"?>
<!-- Generated by org.testng.reporters.JUnitReportReporter -->
<testsuite hostname="DESKTOP-EDQ2E72" failures="0" tests="3" name="com.sun.tests.AddcartTest" time="6.408" errors="0" timestamp="2025-02-26T22:19:28 IST" skipped="0">
  <testcase classname="com.sun.tests.AddcartTest" name="clickonAddcart" time="2.250"/>
  <system-out/>
  <testcase classname="com.sun.tests.AddcartTest" name="clickonAddcart" time="2.095"/>
  <system-out/>
  <testcase classname="com.sun.tests.AddcartTest" name="clickonAddcart" time="2.063"/>
  <system-out/>
</testsuite> <!-- com.sun.tests.AddcartTest -->
