<?xml version="1.0" encoding="UTF-8"?>
<!-- Generated by org.testng.reporters.JUnitReportReporter -->
<testsuite hostname="MYSHEC644151L" failures="0" tests="1" name="com.sun.tests.LoginTest" time="1.007" errors="0" timestamp="2025-02-25T14:57:09 IST" skipped="0">
  <testcase classname="com.sun.tests.LoginTest" name="validateurl" time="1.007"/>
  <system-out/>
</testsuite> <!-- com.sun.tests.LoginTest -->
