<?xml version="1.0" encoding="UTF-8"?>
<!-- Generated by org.testng.reporters.JUnitReportReporter -->
<testsuite hostname="MYSHEC644151L" failures="0" tests="3" name="com.sun.tests.AddcartTest" time="6.915" errors="0" timestamp="2025-02-26T21:56:20 IST" skipped="0">
  <testcase classname="com.sun.tests.AddcartTest" name="clickonAddcart" time="2.604"/>
  <system-out/>
  <testcase classname="com.sun.tests.AddcartTest" name="clickonAddcart" time="1.956"/>
  <system-out/>
  <testcase classname="com.sun.tests.AddcartTest" name="clickonAddcart" time="2.355"/>
  <system-out/>
</testsuite> <!-- com.sun.tests.AddcartTest -->
