<?xml version="1.0" encoding="UTF-8"?>
<!-- Generated by org.testng.reporters.JUnitReportReporter -->
<testsuite hostname="DESKTOP-EDQ2E72" failures="0" tests="3" name="com.sun.tests.AddcartTest" time="3.893" errors="0" timestamp="2025-02-26T21:34:23 IST" skipped="0">
  <testcase classname="com.sun.tests.AddcartTest" name="clickonAddcart" time="1.218"/>
  <system-out/>
  <testcase classname="com.sun.tests.AddcartTest" name="clickonAddcart" time="1.143"/>
  <system-out/>
  <testcase classname="com.sun.tests.AddcartTest" name="clickonAddcart" time="1.532"/>
  <system-out/>
</testsuite> <!-- com.sun.tests.AddcartTest -->
