<?xml version="1.0" encoding="UTF-8"?>
<!-- Generated by org.testng.reporters.JUnitReportReporter -->
<testsuite hostname="MYSHEC644151L" failures="0" tests="1" name="com.sun.tests.AddcartTest" time="2.818" errors="0" timestamp="2025-02-25T14:57:09 IST" skipped="0">
  <testcase classname="com.sun.tests.AddcartTest" name="clickonAddcart" time="2.818"/>
  <system-out/>
</testsuite> <!-- com.sun.tests.AddcartTest -->
