<?xml version="1.0" encoding="UTF-8"?>
<!-- Generated by org.testng.reporters.JUnitReportReporter -->
<testsuite hostname="DESKTOP-EDQ2E72" failures="0" tests="1" name="com.sun.tests.LoginTest" time="0.439" errors="0" timestamp="2025-02-28T11:12:26 IST" skipped="0">
  <testcase classname="com.sun.tests.LoginTest" name="clickopenmenu" time="0.439"/>
  <system-out/>
</testsuite> <!-- com.sun.tests.LoginTest -->
